Copyright 1986-2018 Xilinx, Inc. All Rights Reserved.
-------------------------------------------------------------------------------------------
| Tool Version : Vivado v.2018.2 (lin64) Build 2258646 Thu Jun 14 20:02:38 MDT 2018
| Date         : Thu Sep 28 13:21:21 2023
| Host         : ddrc-2 running 64-bit Ubuntu 20.04.6 LTS
| Command      : report_clock_utilization -file ariane_xilinx_clock_utilization_routed.rpt
| Design       : ariane_xilinx
| Device       : 7z045-ffg900
| Speed File   : -2  PRODUCTION 1.11 2014-09-11
-------------------------------------------------------------------------------------------

Clock Utilization Report

Table of Contents
-----------------
1. Clock Primitive Utilization
2. Global Clock Resources
3. Global Clock Source Details
4. Local Clock Details
5. Clock Regions: Key Resource Utilization
6. Clock Regions : Global Clock Summary
7. Device Cell Placement Summary for Global Clock g0
8. Device Cell Placement Summary for Global Clock g1
9. Device Cell Placement Summary for Global Clock g2
10. Device Cell Placement Summary for Global Clock g3
11. Device Cell Placement Summary for Global Clock g4
12. Device Cell Placement Summary for Global Clock g5
13. Device Cell Placement Summary for Global Clock g6
14. Device Cell Placement Summary for Global Clock g7
15. Device Cell Placement Summary for Global Clock g8
16. Clock Region Cell Placement per Global Clock: Region X0Y0
17. Clock Region Cell Placement per Global Clock: Region X0Y2
18. Clock Region Cell Placement per Global Clock: Region X1Y2
19. Clock Region Cell Placement per Global Clock: Region X0Y3
20. Clock Region Cell Placement per Global Clock: Region X1Y3
21. Clock Region Cell Placement per Global Clock: Region X0Y4
22. Clock Region Cell Placement per Global Clock: Region X1Y4
23. Clock Region Cell Placement per Global Clock: Region X0Y5
24. Clock Region Cell Placement per Global Clock: Region X1Y5
25. Clock Region Cell Placement per Global Clock: Region X0Y6
26. Clock Region Cell Placement per Global Clock: Region X1Y6

1. Clock Primitive Utilization
------------------------------

+----------+------+-----------+-----+--------------+--------+
| Type     | Used | Available | LOC | Clock Region | Pblock |
+----------+------+-----------+-----+--------------+--------+
| BUFGCTRL |    8 |        32 |   0 |            0 |      0 |
| BUFH     |    1 |       168 |   0 |            0 |      0 |
| BUFIO    |    0 |        32 |   0 |            0 |      0 |
| BUFMR    |    0 |        16 |   0 |            0 |      0 |
| BUFR     |    0 |        32 |   0 |            0 |      0 |
| MMCM     |    3 |         8 |   1 |            0 |      0 |
| PLL      |    1 |         8 |   1 |            0 |      0 |
+----------+------+-----------+-----+--------------+--------+


2. Global Clock Resources
-------------------------

+-----------+-----------+-----------------+------------+----------------+--------------+-------------------+-------------+-----------------+--------------+-----------------------+------------------------------------------------------------------------------------------------+--------------------------------------------------------------------------------------------------+
| Global Id | Source Id | Driver Type/Pin | Constraint | Site           | Clock Region | Load Clock Region | Clock Loads | Non-Clock Loads | Clock Period | Clock                 | Driver Pin                                                                                     | Net                                                                                              |
+-----------+-----------+-----------------+------------+----------------+--------------+-------------------+-------------+-----------------+--------------+-----------------------+------------------------------------------------------------------------------------------------+--------------------------------------------------------------------------------------------------+
| g0        | src0      | BUFG/O          | None       | BUFGCTRL_X0Y0  | n/a          |                11 |       36566 |               0 |       20.000 | clk_out1_xlnx_clk_gen | i_xlnx_clk_gen/inst/clkout1_buf/O                                                              | i_xlnx_clk_gen/inst/clk_out1                                                                     |
| g1        | src1      | BUFG/O          | None       | BUFGCTRL_X0Y16 | n/a          |                 4 |        8260 |               0 |        5.000 | clk_pll_i             | i_ddr/u_xlnx_mig_7_ddr3_mig/u_ddr3_infrastructure/u_bufg_clkdiv0/O                             | i_ddr/u_xlnx_mig_7_ddr3_mig/u_ddr3_infrastructure/CLK                                            |
| g2        | src2      | BUFG/O          | None       | BUFGCTRL_X0Y3  | n/a          |                 1 |          82 |               0 |      100.000 | tck                   | tck_IBUF_BUFG_inst/O                                                                           | tck_IBUF_BUFG                                                                                    |
| g3        | src3      | BUFG/O          | None       | BUFGCTRL_X0Y18 | n/a          |                 2 |          61 |               0 |        5.000 | sys_clk_p             | i_ddr/u_xlnx_mig_7_ddr3_mig/u_iodelay_ctrl/clk_ref_200.u_bufg_clk_ref/O                        | i_ddr/u_xlnx_mig_7_ddr3_mig/u_iodelay_ctrl/CLK                                                   |
| g4        | src1      | BUFG/O          | None       | BUFGCTRL_X0Y17 | n/a          |                 3 |          22 |               0 |       10.000 | mmcm_ps_clk_bufg_in   | i_ddr/u_xlnx_mig_7_ddr3_mig/u_ddr3_infrastructure/gen_ui_extra_clocks.u_bufg_mmcm_ps_clk/O     | i_ddr/u_xlnx_mig_7_ddr3_mig/u_ddr3_infrastructure/mmcm_ps_clk                                    |
| g5        | src4      | BUFG/O          | None       | BUFGCTRL_X0Y1  | n/a          |                 3 |          18 |               0 |        2.500 | clk_ref_mmcm_400      | i_ddr/u_xlnx_mig_7_ddr3_mig/u_iodelay_ctrl/clk_ref_300_400_en.clk_ref_400.u_bufg_clk_ref_400/O | i_ddr/u_xlnx_mig_7_ddr3_mig/u_iodelay_ctrl/clk_ref_300_400_en.clk_ref_400.u_bufg_clk_ref_400_n_0 |
| g6        | src5      | BUFH/O          | None       | BUFHCE_X1Y60   | X1Y5         |                 1 |           1 |               0 |        5.000 | pll_clk3_out          | i_ddr/u_xlnx_mig_7_ddr3_mig/u_ddr3_infrastructure/u_bufh_pll_clk3/O                            | i_ddr/u_xlnx_mig_7_ddr3_mig/u_ddr3_infrastructure/pll_clk3                                       |
| g7        | src0      | BUFG/O          | None       | BUFGCTRL_X0Y4  | n/a          |                 1 |           1 |               0 |        5.000 | clkfbout_xlnx_clk_gen | i_xlnx_clk_gen/inst/clkf_buf/O                                                                 | i_xlnx_clk_gen/inst/clkfbout_buf_xlnx_clk_gen                                                    |
| g8        | src6      | BUFG/O          | None       | BUFGCTRL_X0Y2  | n/a          |                 9 |           0 |           33432 |          n/a | n/a                   | i_rstgen_main/i_rstgen_bypass/ms_clock_q_reg[2]_BUFG_inst/O                                    | i_rstgen_main/i_rstgen_bypass/ms_clock_q_reg[2]_BUFG                                             |
+-----------+-----------+-----------------+------------+----------------+--------------+-------------------+-------------+-----------------+--------------+-----------------------+------------------------------------------------------------------------------------------------+--------------------------------------------------------------------------------------------------+
* Clock Loads column represents the clock pin loads (pin count)
** Non-Clock Loads column represents the non-clock pin loads (pin count)


3. Global Clock Source Details
------------------------------

+-----------+-----------+---------------------+-----------------+-----------------+--------------+-------------+-----------------+---------------------+-----------------------+---------------------------------------------------------------------------------------+-----------------------------------------------------------------------+
| Source Id | Global Id | Driver Type/Pin     | Constraint      | Site            | Clock Region | Clock Loads | Non-Clock Loads | Source Clock Period | Source Clock          | Driver Pin                                                                            | Net                                                                   |
+-----------+-----------+---------------------+-----------------+-----------------+--------------+-------------+-----------------+---------------------+-----------------------+---------------------------------------------------------------------------------------+-----------------------------------------------------------------------+
| src0      | g0        | MMCME2_ADV/CLKOUT0  | None            | MMCME2_ADV_X0Y0 | X0Y0         |           1 |               0 |              20.000 | clk_out1_xlnx_clk_gen | i_xlnx_clk_gen/inst/mmcm_adv_inst/CLKOUT0                                             | i_xlnx_clk_gen/inst/clk_out1_xlnx_clk_gen                             |
| src0      | g7        | MMCME2_ADV/CLKFBOUT | None            | MMCME2_ADV_X0Y0 | X0Y0         |           1 |               0 |               5.000 | clkfbout_xlnx_clk_gen | i_xlnx_clk_gen/inst/mmcm_adv_inst/CLKFBOUT                                            | i_xlnx_clk_gen/inst/clkfbout_xlnx_clk_gen                             |
| src1      | g1        | MMCME2_ADV/CLKFBOUT | MMCME2_ADV_X1Y5 | MMCME2_ADV_X1Y5 | X1Y5         |           1 |               0 |               5.000 | clk_pll_i             | i_ddr/u_xlnx_mig_7_ddr3_mig/u_ddr3_infrastructure/gen_ui_extra_clocks.mmcm_i/CLKFBOUT | i_ddr/u_xlnx_mig_7_ddr3_mig/u_ddr3_infrastructure/clk_pll_i           |
| src1      | g4        | MMCME2_ADV/CLKOUT5  | MMCME2_ADV_X1Y5 | MMCME2_ADV_X1Y5 | X1Y5         |           1 |               0 |              10.000 | mmcm_ps_clk_bufg_in   | i_ddr/u_xlnx_mig_7_ddr3_mig/u_ddr3_infrastructure/gen_ui_extra_clocks.mmcm_i/CLKOUT5  | i_ddr/u_xlnx_mig_7_ddr3_mig/u_ddr3_infrastructure/mmcm_ps_clk_bufg_in |
| src2      | g2        | IBUF/O              | IOB_X0Y98       | IOB_X0Y98       | X0Y1         |           1 |               0 |             100.000 | tck                   | tck_IBUF_inst/O                                                                       | tck_IBUF                                                              |
| src3      | g3        | IBUFDS/O            | IOB_X1Y274      | IOB_X1Y274      | X1Y5         |           3 |               0 |               5.000 | sys_clk_p             | i_ddr/u_xlnx_mig_7_ddr3_mig/u_ddr3_clk_ibuf/diff_input_clk.u_ibufg_sys_clk/O          | i_ddr/u_xlnx_mig_7_ddr3_mig/u_ddr3_clk_ibuf/sys_clk_ibufg             |
| src4      | g5        | MMCME2_ADV/CLKOUT1  | None            | MMCME2_ADV_X0Y2 | X0Y2         |           1 |               0 |               2.500 | clk_ref_mmcm_400      | i_ddr/u_xlnx_mig_7_ddr3_mig/u_iodelay_ctrl/clk_ref_mmcm_gen.mmcm_i/CLKOUT1            | i_ddr/u_xlnx_mig_7_ddr3_mig/u_iodelay_ctrl/clk_ref_mmcm_400           |
| src5      | g6        | PLLE2_ADV/CLKOUT3   | PLLE2_ADV_X1Y5  | PLLE2_ADV_X1Y5  | X1Y5         |           1 |               0 |               5.000 | pll_clk3_out          | i_ddr/u_xlnx_mig_7_ddr3_mig/u_ddr3_infrastructure/plle2_i/CLKOUT3                     | i_ddr/u_xlnx_mig_7_ddr3_mig/u_ddr3_infrastructure/pll_clk3_out        |
| src6      | g8        | LUT1/O              | None            | SLICE_X90Y148   | X1Y2         |           1 |               0 |                     |                       | i_rstgen_main/i_rstgen_bypass/counter_q[1]_i_2/O                                      | i_rstgen_main/i_rstgen_bypass/ms_clock_q_reg[2]                       |
+-----------+-----------+---------------------+-----------------+-----------------+--------------+-------------+-----------------+---------------------+-----------------------+---------------------------------------------------------------------------------------+-----------------------------------------------------------------------+
* Clock Loads column represents the clock pin loads (pin count)
** Non-Clock Loads column represents the non-clock pin loads (pin count)


4. Local Clock Details
----------------------

+----------+----------------------------+----------------------+-------------------------------------+--------------+-------------+-----------------+--------------+----------------+--------------------------------------------------------------------------------------------------------------------------------------------------------------------------------------------------+-----------------------------------------------------------------------------------------------------------------------------------------------------------------------------------------------+
| Local Id | Driver Type/Pin            | Constraint           | Site/BEL                            | Clock Region | Clock Loads | Non-Clock Loads | Clock Period | Clock          | Driver Pin                                                                                                                                                                                       | Net                                                                                                                                                                                           |
+----------+----------------------------+----------------------+-------------------------------------+--------------+-------------+-----------------+--------------+----------------+--------------------------------------------------------------------------------------------------------------------------------------------------------------------------------------------------+-----------------------------------------------------------------------------------------------------------------------------------------------------------------------------------------------||
| 0        | PLLE2_ADV/CLKOUT0          | PLLE2_ADV_X1Y5       | PLLE2_ADV_X1Y5/PLLE2_ADV            | X1Y5         |          14 |               8 |        1.250 | freq_refclk    | i_ddr/u_xlnx_mig_7_ddr3_mig/u_ddr3_infrastructure/plle2_i/CLKOUT0                                                                                                                                | i_ddr/u_xlnx_mig_7_ddr3_mig/u_ddr3_infrastructure/freq_refclk                                                                                                                                 - Static -
| 1        | PLLE2_ADV/CLKOUT1          | PLLE2_ADV_X1Y5       | PLLE2_ADV_X1Y5/PLLE2_ADV            | X1Y5         |           3 |              19 |        1.250 | mem_refclk     | i_ddr/u_xlnx_mig_7_ddr3_mig/u_ddr3_infrastructure/plle2_i/CLKOUT1                                                                                                                                | i_ddr/u_xlnx_mig_7_ddr3_mig/u_ddr3_infrastructure/mem_refclk                                                                                                                                  - Static -
| 2        | PHASER_OUT_PHY/OCLKDELAYED | PHASER_OUT_PHY_X1Y24 | PHASER_OUT_PHY_X1Y24/PHASER_OUT_PHY | X1Y6         |           2 |               0 |        1.250 | oserdes_clk    | i_ddr/u_xlnx_mig_7_ddr3_mig/u_memc_ui_top_axi/mem_intfc0/ddr_phy_top0/u_ddr_mc_phy_wrapper/u_ddr_mc_phy/ddr_phy_4lanes_0.u_ddr_phy_4lanes/ddr_byte_lane_A.ddr_byte_lane_A/phaser_out/OCLKDELAYED | i_ddr/u_xlnx_mig_7_ddr3_mig/u_memc_ui_top_axi/mem_intfc0/ddr_phy_top0/u_ddr_mc_phy_wrapper/u_ddr_mc_phy/ddr_phy_4lanes_0.u_ddr_phy_4lanes/ddr_byte_lane_A.ddr_byte_lane_A/oserdes_clk_delayed - Static -
| 3        | PHASER_OUT_PHY/OCLKDELAYED | PHASER_OUT_PHY_X1Y25 | PHASER_OUT_PHY_X1Y25/PHASER_OUT_PHY | X1Y6         |           2 |               0 |        1.250 | oserdes_clk_1  | i_ddr/u_xlnx_mig_7_ddr3_mig/u_memc_ui_top_axi/mem_intfc0/ddr_phy_top0/u_ddr_mc_phy_wrapper/u_ddr_mc_phy/ddr_phy_4lanes_0.u_ddr_phy_4lanes/ddr_byte_lane_B.ddr_byte_lane_B/phaser_out/OCLKDELAYED | i_ddr/u_xlnx_mig_7_ddr3_mig/u_memc_ui_top_axi/mem_intfc0/ddr_phy_top0/u_ddr_mc_phy_wrapper/u_ddr_mc_phy/ddr_phy_4lanes_0.u_ddr_phy_4lanes/ddr_byte_lane_B.ddr_byte_lane_B/oserdes_clk_delayed - Static -
| 4        | PHASER_OUT_PHY/OCLKDELAYED | PHASER_OUT_PHY_X1Y26 | PHASER_OUT_PHY_X1Y26/PHASER_OUT_PHY | X1Y6         |           2 |               0 |        1.250 | oserdes_clk_2  | i_ddr/u_xlnx_mig_7_ddr3_mig/u_memc_ui_top_axi/mem_intfc0/ddr_phy_top0/u_ddr_mc_phy_wrapper/u_ddr_mc_phy/ddr_phy_4lanes_0.u_ddr_phy_4lanes/ddr_byte_lane_C.ddr_byte_lane_C/phaser_out/OCLKDELAYED | i_ddr/u_xlnx_mig_7_ddr3_mig/u_memc_ui_top_axi/mem_intfc0/ddr_phy_top0/u_ddr_mc_phy_wrapper/u_ddr_mc_phy/ddr_phy_4lanes_0.u_ddr_phy_4lanes/ddr_byte_lane_C.ddr_byte_lane_C/oserdes_clk_delayed - Static -
| 5        | PHASER_OUT_PHY/OCLKDELAYED | PHASER_OUT_PHY_X1Y20 | PHASER_OUT_PHY_X1Y20/PHASER_OUT_PHY | X1Y5         |           2 |               0 |        1.250 | oserdes_clk_3  | i_ddr/u_xlnx_mig_7_ddr3_mig/u_memc_ui_top_axi/mem_intfc0/ddr_phy_top0/u_ddr_mc_phy_wrapper/u_ddr_mc_phy/ddr_phy_4lanes_1.u_ddr_phy_4lanes/ddr_byte_lane_A.ddr_byte_lane_A/phaser_out/OCLKDELAYED | i_ddr/u_xlnx_mig_7_ddr3_mig/u_memc_ui_top_axi/mem_intfc0/ddr_phy_top0/u_ddr_mc_phy_wrapper/u_ddr_mc_phy/ddr_phy_4lanes_1.u_ddr_phy_4lanes/ddr_byte_lane_A.ddr_byte_lane_A/oserdes_clk_delayed - Static -
| 6        | PHASER_OUT_PHY/OCLKDELAYED | PHASER_OUT_PHY_X1Y16 | PHASER_OUT_PHY_X1Y16/PHASER_OUT_PHY | X1Y4         |           2 |               0 |        1.250 | oserdes_clk_7  | i_ddr/u_xlnx_mig_7_ddr3_mig/u_memc_ui_top_axi/mem_intfc0/ddr_phy_top0/u_ddr_mc_phy_wrapper/u_ddr_mc_phy/ddr_phy_4lanes_2.u_ddr_phy_4lanes/ddr_byte_lane_A.ddr_byte_lane_A/phaser_out/OCLKDELAYED | i_ddr/u_xlnx_mig_7_ddr3_mig/u_memc_ui_top_axi/mem_intfc0/ddr_phy_top0/u_ddr_mc_phy_wrapper/u_ddr_mc_phy/ddr_phy_4lanes_2.u_ddr_phy_4lanes/ddr_byte_lane_A.ddr_byte_lane_A/oserdes_clk_delayed - Static -
| 7        | PHASER_OUT_PHY/OCLKDELAYED | PHASER_OUT_PHY_X1Y17 | PHASER_OUT_PHY_X1Y17/PHASER_OUT_PHY | X1Y4         |           2 |               0 |        1.250 | oserdes_clk_8  | i_ddr/u_xlnx_mig_7_ddr3_mig/u_memc_ui_top_axi/mem_intfc0/ddr_phy_top0/u_ddr_mc_phy_wrapper/u_ddr_mc_phy/ddr_phy_4lanes_2.u_ddr_phy_4lanes/ddr_byte_lane_B.ddr_byte_lane_B/phaser_out/OCLKDELAYED | i_ddr/u_xlnx_mig_7_ddr3_mig/u_memc_ui_top_axi/mem_intfc0/ddr_phy_top0/u_ddr_mc_phy_wrapper/u_ddr_mc_phy/ddr_phy_4lanes_2.u_ddr_phy_4lanes/ddr_byte_lane_B.ddr_byte_lane_B/oserdes_clk_delayed - Static -
| 8        | PHASER_OUT_PHY/OCLKDELAYED | PHASER_OUT_PHY_X1Y18 | PHASER_OUT_PHY_X1Y18/PHASER_OUT_PHY | X1Y4         |           2 |               0 |        1.250 | oserdes_clk_9  | i_ddr/u_xlnx_mig_7_ddr3_mig/u_memc_ui_top_axi/mem_intfc0/ddr_phy_top0/u_ddr_mc_phy_wrapper/u_ddr_mc_phy/ddr_phy_4lanes_2.u_ddr_phy_4lanes/ddr_byte_lane_C.ddr_byte_lane_C/phaser_out/OCLKDELAYED | i_ddr/u_xlnx_mig_7_ddr3_mig/u_memc_ui_top_axi/mem_intfc0/ddr_phy_top0/u_ddr_mc_phy_wrapper/u_ddr_mc_phy/ddr_phy_4lanes_2.u_ddr_phy_4lanes/ddr_byte_lane_C.ddr_byte_lane_C/oserdes_clk_delayed - Static -
| 9        | PHASER_OUT_PHY/OCLKDELAYED | PHASER_OUT_PHY_X1Y19 | PHASER_OUT_PHY_X1Y19/PHASER_OUT_PHY | X1Y4         |           2 |               0 |        1.250 | oserdes_clk_10 | i_ddr/u_xlnx_mig_7_ddr3_mig/u_memc_ui_top_axi/mem_intfc0/ddr_phy_top0/u_ddr_mc_phy_wrapper/u_ddr_mc_phy/ddr_phy_4lanes_2.u_ddr_phy_4lanes/ddr_byte_lane_D.ddr_byte_lane_D/phaser_out/OCLKDELAYED | i_ddr/u_xlnx_mig_7_ddr3_mig/u_memc_ui_top_axi/mem_intfc0/ddr_phy_top0/u_ddr_mc_phy_wrapper/u_ddr_mc_phy/ddr_phy_4lanes_2.u_ddr_phy_4lanes/ddr_byte_lane_D.ddr_byte_lane_D/oserdes_clk_delayed - Static -
+----------+----------------------------+----------------------+-------------------------------------+--------------+-------------+-----------------+--------------+----------------+--------------------------------------------------------------------------------------------------------------------------------------------------------------------------------------------------+-----------------------------------------------------------------------------------------------------------------------------------------------------------------------------------------------||
* Local Clocks in this context represents only clocks driven by non-global buffers
** Clock Loads column represents the clock pin loads (pin count)
*** Non-Clock Loads column represents the non-clock pin loads (pin count)


5. Clock Regions: Key Resource Utilization
------------------------------------------

+-------------------+--------------+--------------+--------------+--------------+--------------+--------------+--------------+--------------+--------------+--------------+--------------+--------------+--------------+--------------+--------------+
|                   | Global Clock |     BUFRs    |    BUFMRs    |    BUFIOs    |     MMCM     |      PLL     |      GT      |      PCI     |    ILOGIC    |    OLOGIC    |      FF      |     LUTM     |    RAMB18    |    RAMB36    |    DSP48E2   |
+-------------------+------+-------+------+-------+------+-------+------+-------+------+-------+------+-------+------+-------+------+-------+------+-------+------+-------+------+-------+------+-------+------+-------+------+-------+------+-------+
| Clock Region Name | Used | Avail | Used | Avail | Used | Avail | Used | Avail | Used | Avail | Used | Avail | Used | Avail | Used | Avail | Used | Avail | Used | Avail | Used | Avail | Used | Avail | Used | Avail | Used | Avail | Used | Avail |
+-------------------+------+-------+------+-------+------+-------+------+-------+------+-------+------+-------+------+-------+------+-------+------+-------+------+-------+------+-------+------+-------+------+-------+------+-------+------+-------+
| X0Y0              |    4 |    12 |    0 |     4 |    0 |     2 |    0 |     4 |    1 |     1 |    0 |     1 |    0 |     0 |    0 |     0 |    0 |    50 |    0 |    50 |   24 |  4500 |    3 |  1600 |    0 |    80 |    0 |    40 |    0 |    80 |
| X1Y0              |    0 |    12 |    0 |     0 |    0 |     0 |    0 |     0 |    0 |     0 |    0 |     0 |    0 |     4 |    0 |     0 |    0 |     0 |    0 |     0 |    0 |  3700 |    0 |  1050 |    0 |    80 |    0 |    40 |    0 |    60 |
| X0Y1              |    0 |    12 |    0 |     4 |    0 |     2 |    0 |     4 |    0 |     1 |    0 |     1 |    0 |     0 |    0 |     0 |    0 |    50 |    0 |    50 |    0 |  4500 |    0 |  1600 |    0 |    80 |    0 |    40 |    0 |    80 |
| X1Y1              |    0 |    12 |    0 |     0 |    0 |     0 |    0 |     0 |    0 |     0 |    0 |     0 |    0 |     4 |    0 |     0 |    0 |     0 |    0 |     0 |    0 |  3700 |    0 |  1050 |    0 |    80 |    0 |    40 |    0 |    60 |
| X0Y2              |    1 |    12 |    0 |     4 |    0 |     2 |    0 |     4 |    0 |     1 |    0 |     1 |    0 |     0 |    0 |     0 |    1 |    50 |    1 |    50 |   22 |  4500 |   12 |  1600 |    0 |    80 |    0 |    40 |    0 |    80 |
| X1Y2              |    1 |    12 |    0 |     0 |    0 |     0 |    0 |     0 |    0 |     0 |    0 |     0 |    0 |     4 |    0 |     0 |    0 |     0 |    0 |     0 |   30 |  3700 |    6 |  1050 |    0 |    80 |    0 |    40 |    0 |    60 |
| X0Y3              |    2 |    12 |    0 |     4 |    0 |     2 |    0 |     4 |    0 |     1 |    0 |     1 |    0 |     0 |    0 |     0 |    0 |    50 |    0 |    50 | 4619 |  4500 | 1501 |  1600 |    1 |    80 |   10 |    40 |    0 |    80 |
| X1Y3              |    4 |    12 |    0 |     0 |    0 |     0 |    0 |     0 |    0 |     0 |    0 |     0 |    0 |     4 |    0 |     1 |    0 |     0 |    0 |     0 | 6224 |  3550 | 1794 |  1000 |    0 |    70 |    7 |    35 |    0 |    60 |
| X0Y4              |    2 |    12 |    0 |     4 |    0 |     2 |    0 |     4 |    0 |     1 |    0 |     1 |    0 |     0 |    0 |     0 |    0 |    50 |    0 |    50 | 4869 |  4500 | 1645 |  1600 |    0 |    80 |   16 |    40 |    0 |    80 |
| X1Y4              |    5 |    12 |    0 |     4 |    0 |     2 |    0 |     4 |    0 |     1 |    0 |     1 |    0 |     0 |    0 |     0 |    4 |    50 |    8 |    50 | 7510 |  4100 | 1933 |  1150 |    0 |   100 |    5 |    50 |    0 |    60 |
| X0Y5              |    2 |    12 |    0 |     0 |    0 |     0 |    0 |     0 |    0 |     0 |    0 |     0 |    0 |     0 |    0 |     0 |    0 |     0 |    0 |     0 | 6011 |  3200 | 1863 |  1000 |    0 |    40 |    0 |    20 |    0 |    40 |
| X1Y5              |    6 |    12 |    0 |     4 |    0 |     2 |    0 |     4 |    1 |     1 |    0 |     1 |    0 |     0 |    0 |     0 |    1 |    50 |    2 |    50 | 7601 |  3500 | 2551 |  1150 |    0 |   100 |    0 |    50 |    0 |    60 |
| X0Y6              |    2 |    12 |    0 |     0 |    0 |     0 |    0 |     0 |    0 |     0 |    0 |     0 |    0 |     0 |    0 |     0 |    0 |     0 |    0 |     0 | 3094 |  3200 |  888 |  1000 |    0 |    40 |    0 |    20 |    4 |    40 |
| X1Y6              |    6 |    12 |    0 |     4 |    0 |     2 |    0 |     4 |    0 |     1 |    0 |     1 |    0 |     0 |    0 |     0 |    3 |    50 |    6 |    50 | 4289 |  3500 | 1446 |  1150 |    0 |   100 |    0 |    50 |    0 |    60 |
+-------------------+------+-------+------+-------+------+-------+------+-------+------+-------+------+-------+------+-------+------+-------+------+-------+------+-------+------+-------+------+-------+------+-------+------+-------+------+-------+
* Global Clock column represents track count; while other columns represents cell counts


6. Clock Regions : Global Clock Summary
---------------------------------------

All Modules
+----+----+----+
|    | X0 | X1 |
+----+----+----+
| Y6 |  2 |  6 |
| Y5 |  2 |  6 |
| Y4 |  2 |  5 |
| Y3 |  2 |  4 |
| Y2 |  1 |  1 |
| Y1 |  0 |  0 |
| Y0 |  4 |  0 |
+----+----+----+


7. Device Cell Placement Summary for Global Clock g0
----------------------------------------------------

+-----------+-----------------+-------------------+-----------------------+-------------+----------------+-------------+----------+----------------+----------+------------------------------+
| Global Id | Driver Type/Pin | Driver Region (D) | Clock                 | Period (ns) | Waveform (ns)  | Slice Loads | IO Loads | Clocking Loads | GT Loads | Net                          |
+-----------+-----------------+-------------------+-----------------------+-------------+----------------+-------------+----------+----------------+----------+------------------------------+
| g0        | BUFG/O          | n/a               | clk_out1_xlnx_clk_gen |      20.000 | {0.000 10.000} |       36469 |        0 |              0 |        0 | i_xlnx_clk_gen/inst/clk_out1 |
+-----------+-----------------+-------------------+-----------------------+-------------+----------------+-------------+----------+----------------+----------+------------------------------+
* Logic Loads column represents load cell count of all cell types other than IO, GT and clock resources
** IO Loads column represents load cell count of IO types
*** Clocking Loads column represents load cell count that are clock resources (global clock buffer, MMCM, PLL, etc)
**** GT Loads column represents load cell count of GT types


+----+-------+-------+
|    | X0    | X1    |
+----+-------+-------+
| Y6 |  3098 |  3437 |
| Y5 |  6011 |  4208 |
| Y4 |  4885 |  3988 |
| Y3 |  4632 |  6134 |
| Y2 |    22 |    30 |
| Y1 |     0 |     0 |
| Y0 |    24 |     0 |
+----+-------+-------+


8. Device Cell Placement Summary for Global Clock g1
----------------------------------------------------

+-----------+-----------------+-------------------+-----------+-------------+---------------+-------------+----------+----------------+----------+-------------------------------------------------------+
| Global Id | Driver Type/Pin | Driver Region (D) | Clock     | Period (ns) | Waveform (ns) | Slice Loads | IO Loads | Clocking Loads | GT Loads | Net                                                   |
+-----------+-----------------+-------------------+-----------+-------------+---------------+-------------+----------+----------------+----------+-------------------------------------------------------+
| g1        | BUFG/O          | n/a               | clk_pll_i |       5.000 | {0.000 2.500} |        7896 |        0 |              2 |        0 | i_ddr/u_xlnx_mig_7_ddr3_mig/u_ddr3_infrastructure/CLK |
+-----------+-----------------+-------------------+-----------+-------------+---------------+-------------+----------+----------------+----------+-------------------------------------------------------+
* Logic Loads column represents load cell count of all cell types other than IO, GT and clock resources
** IO Loads column represents load cell count of IO types
*** Clocking Loads column represents load cell count that are clock resources (global clock buffer, MMCM, PLL, etc)
**** GT Loads column represents load cell count of GT types


+----+----+-------+
|    | X0 | X1    |
+----+----+-------+
| Y6 |  0 |   835 |
| Y5 |  0 |  3428 |
| Y4 |  0 |  3634 |
| Y3 |  0 |     0 |
| Y2 |  0 |     0 |
| Y1 |  0 |     0 |
| Y0 |  1 |     0 |
+----+----+-------+


9. Device Cell Placement Summary for Global Clock g2
----------------------------------------------------

+-----------+-----------------+-------------------+-------+-------------+----------------+-------------+----------+----------------+----------+---------------+
| Global Id | Driver Type/Pin | Driver Region (D) | Clock | Period (ns) | Waveform (ns)  | Slice Loads | IO Loads | Clocking Loads | GT Loads | Net           |
+-----------+-----------------+-------------------+-------+-------------+----------------+-------------+----------+----------------+----------+---------------+
| g2        | BUFG/O          | n/a               | tck   |     100.000 | {0.000 50.000} |          82 |        0 |              0 |        0 | tck_IBUF_BUFG |
+-----------+-----------------+-------------------+-------+-------------+----------------+-------------+----------+----------------+----------+---------------+
* Logic Loads column represents load cell count of all cell types other than IO, GT and clock resources
** IO Loads column represents load cell count of IO types
*** Clocking Loads column represents load cell count that are clock resources (global clock buffer, MMCM, PLL, etc)
**** GT Loads column represents load cell count of GT types


+----+----+-----+
|    | X0 | X1  |
+----+----+-----+
| Y6 |  0 |   0 |
| Y5 |  0 |   0 |
| Y4 |  0 |   0 |
| Y3 |  0 |  82 |
| Y2 |  0 |   0 |
| Y1 |  0 |   0 |
| Y0 |  0 |   0 |
+----+----+-----+


10. Device Cell Placement Summary for Global Clock g3
-----------------------------------------------------

+-----------+-----------------+-------------------+-----------+-------------+---------------+-------------+----------+----------------+----------+------------------------------------------------+
| Global Id | Driver Type/Pin | Driver Region (D) | Clock     | Period (ns) | Waveform (ns) | Slice Loads | IO Loads | Clocking Loads | GT Loads | Net                                            |
+-----------+-----------------+-------------------+-----------+-------------+---------------+-------------+----------+----------------+----------+------------------------------------------------+
| g3        | BUFG/O          | n/a               | sys_clk_p |       5.000 | {0.000 2.500} |          61 |        0 |              0 |        0 | i_ddr/u_xlnx_mig_7_ddr3_mig/u_iodelay_ctrl/CLK |
+-----------+-----------------+-------------------+-----------+-------------+---------------+-------------+----------+----------------+----------+------------------------------------------------+
* Logic Loads column represents load cell count of all cell types other than IO, GT and clock resources
** IO Loads column represents load cell count of IO types
*** Clocking Loads column represents load cell count that are clock resources (global clock buffer, MMCM, PLL, etc)
**** GT Loads column represents load cell count of GT types


+----+----+-----+
|    | X0 | X1  |
+----+----+-----+
| Y6 |  0 |  46 |
| Y5 |  0 |   0 |
| Y4 |  0 |   0 |
| Y3 |  0 |  15 |
| Y2 |  0 |   0 |
| Y1 |  0 |   0 |
| Y0 |  0 |   0 |
+----+----+-----+


11. Device Cell Placement Summary for Global Clock g4
-----------------------------------------------------

+-----------+-----------------+-------------------+---------------------+-------------+---------------+-------------+----------+----------------+----------+---------------------------------------------------------------+
| Global Id | Driver Type/Pin | Driver Region (D) | Clock               | Period (ns) | Waveform (ns) | Slice Loads | IO Loads | Clocking Loads | GT Loads | Net                                                           |
+-----------+-----------------+-------------------+---------------------+-------------+---------------+-------------+----------+----------------+----------+---------------------------------------------------------------+
| g4        | BUFG/O          | n/a               | mmcm_ps_clk_bufg_in |      10.000 | {0.000 5.000} |          22 |        0 |              0 |        0 | i_ddr/u_xlnx_mig_7_ddr3_mig/u_ddr3_infrastructure/mmcm_ps_clk |
+-----------+-----------------+-------------------+---------------------+-------------+---------------+-------------+----------+----------------+----------+---------------------------------------------------------------+
* Logic Loads column represents load cell count of all cell types other than IO, GT and clock resources
** IO Loads column represents load cell count of IO types
*** Clocking Loads column represents load cell count that are clock resources (global clock buffer, MMCM, PLL, etc)
**** GT Loads column represents load cell count of GT types


+----+----+-----+
|    | X0 | X1  |
+----+----+-----+
| Y6 |  0 |  16 |
| Y5 |  0 |   2 |
| Y4 |  0 |   4 |
| Y3 |  0 |   0 |
| Y2 |  0 |   0 |
| Y1 |  0 |   0 |
| Y0 |  0 |   0 |
+----+----+-----+


12. Device Cell Placement Summary for Global Clock g5
-----------------------------------------------------

+-----------+-----------------+-------------------+------------------+-------------+---------------+-------------+----------+----------------+----------+--------------------------------------------------------------------------------------------------+
| Global Id | Driver Type/Pin | Driver Region (D) | Clock            | Period (ns) | Waveform (ns) | Slice Loads | IO Loads | Clocking Loads | GT Loads | Net                                                                                              |
+-----------+-----------------+-------------------+------------------+-------------+---------------+-------------+----------+----------------+----------+--------------------------------------------------------------------------------------------------+
| g5        | BUFG/O          | n/a               | clk_ref_mmcm_400 |       2.500 | {0.000 1.250} |          18 |        0 |              0 |        0 | i_ddr/u_xlnx_mig_7_ddr3_mig/u_iodelay_ctrl/clk_ref_300_400_en.clk_ref_400.u_bufg_clk_ref_400_n_0 |
+-----------+-----------------+-------------------+------------------+-------------+---------------+-------------+----------+----------------+----------+--------------------------------------------------------------------------------------------------+
* Logic Loads column represents load cell count of all cell types other than IO, GT and clock resources
** IO Loads column represents load cell count of IO types
*** Clocking Loads column represents load cell count that are clock resources (global clock buffer, MMCM, PLL, etc)
**** GT Loads column represents load cell count of GT types


+----+----+-----+
|    | X0 | X1  |
+----+----+-----+
| Y6 |  0 |   1 |
| Y5 |  0 |   1 |
| Y4 |  0 |  16 |
| Y3 |  0 |   0 |
| Y2 |  0 |   0 |
| Y1 |  0 |   0 |
| Y0 |  0 |   0 |
+----+----+-----+


13. Device Cell Placement Summary for Global Clock g6
-----------------------------------------------------

+-----------+-----------------+-------------------+--------------+-------------+---------------+-------------+----------+----------------+----------+------------------------------------------------------------+
| Global Id | Driver Type/Pin | Driver Region (D) | Clock        | Period (ns) | Waveform (ns) | Slice Loads | IO Loads | Clocking Loads | GT Loads | Net                                                        |
+-----------+-----------------+-------------------+--------------+-------------+---------------+-------------+----------+----------------+----------+------------------------------------------------------------+
| g6        | BUFH/O          | X1Y5              | pll_clk3_out |       5.000 | {0.000 2.500} |           0 |        0 |              1 |        0 | i_ddr/u_xlnx_mig_7_ddr3_mig/u_ddr3_infrastructure/pll_clk3 |
+-----------+-----------------+-------------------+--------------+-------------+---------------+-------------+----------+----------------+----------+------------------------------------------------------------+
* Logic Loads column represents load cell count of all cell types other than IO, GT and clock resources
** IO Loads column represents load cell count of IO types
*** Clocking Loads column represents load cell count that are clock resources (global clock buffer, MMCM, PLL, etc)
**** GT Loads column represents load cell count of GT types


+----+----+--------+
|    | X0 | X1     |
+----+----+--------+
| Y6 |  0 |      0 |
| Y5 |  0 |  (D) 1 |
| Y4 |  0 |      0 |
| Y3 |  0 |      0 |
| Y2 |  0 |      0 |
| Y1 |  0 |      0 |
| Y0 |  0 |      0 |
+----+----+--------+


14. Device Cell Placement Summary for Global Clock g7
-----------------------------------------------------

+-----------+-----------------+-------------------+-----------------------+-------------+---------------+-------------+----------+----------------+----------+-----------------------------------------------+
| Global Id | Driver Type/Pin | Driver Region (D) | Clock                 | Period (ns) | Waveform (ns) | Slice Loads | IO Loads | Clocking Loads | GT Loads | Net                                           |
+-----------+-----------------+-------------------+-----------------------+-------------+---------------+-------------+----------+----------------+----------+-----------------------------------------------+
| g7        | BUFG/O          | n/a               | clkfbout_xlnx_clk_gen |       5.000 | {0.000 2.500} |           0 |        0 |              1 |        0 | i_xlnx_clk_gen/inst/clkfbout_buf_xlnx_clk_gen |
+-----------+-----------------+-------------------+-----------------------+-------------+---------------+-------------+----------+----------------+----------+-----------------------------------------------+
* Logic Loads column represents load cell count of all cell types other than IO, GT and clock resources
** IO Loads column represents load cell count of IO types
*** Clocking Loads column represents load cell count that are clock resources (global clock buffer, MMCM, PLL, etc)
**** GT Loads column represents load cell count of GT types


+----+----+----+
|    | X0 | X1 |
+----+----+----+
| Y6 |  0 |  0 |
| Y5 |  0 |  0 |
| Y4 |  0 |  0 |
| Y3 |  0 |  0 |
| Y2 |  0 |  0 |
| Y1 |  0 |  0 |
| Y0 |  1 |  0 |
+----+----+----+


15. Device Cell Placement Summary for Global Clock g8
-----------------------------------------------------

+-----------+-----------------+-------------------+-------+-------------+---------------+-------------+----------+----------------+----------+------------------------------------------------------+
| Global Id | Driver Type/Pin | Driver Region (D) | Clock | Period (ns) | Waveform (ns) | Slice Loads | IO Loads | Clocking Loads | GT Loads | Net                                                  |
+-----------+-----------------+-------------------+-------+-------------+---------------+-------------+----------+----------------+----------+------------------------------------------------------+
| g8        | BUFG/O          | n/a               |       |             |               |       33432 |        0 |              0 |        0 | i_rstgen_main/i_rstgen_bypass/ms_clock_q_reg[2]_BUFG |
+-----------+-----------------+-------------------+-------+-------------+---------------+-------------+----------+----------------+----------+------------------------------------------------------+
* Logic Loads column represents load cell count of all cell types other than IO, GT and clock resources
** IO Loads column represents load cell count of IO types
*** Clocking Loads column represents load cell count that are clock resources (global clock buffer, MMCM, PLL, etc)
**** GT Loads column represents load cell count of GT types


+----+-------+-------+
|    | X0    | X1    |
+----+-------+-------+
| Y6 |  3094 |  3437 |
| Y5 |  6011 |  4208 |
| Y4 |  4869 |  3583 |
| Y3 |  3535 |  4671 |
| Y2 |     0 |     0 |
| Y1 |     0 |     0 |
| Y0 |    24 |     0 |
+----+-------+-------+


16. Clock Region Cell Placement per Global Clock: Region X0Y0
-------------------------------------------------------------

+-----------+-------+-----------------+------------+-------------+-----------------+----+--------+------+-----+----+------+-----+---------+-------------------------------------------------------+
| Global Id | Track | Driver Type/Pin | Constraint | Clock Loads | Non-Clock Loads | FF | LUTRAM | RAMB | DSP | GT | MMCM | PLL | Hard IP | Net                                                   |
+-----------+-------+-----------------+------------+-------------+-----------------+----+--------+------+-----+----+------+-----+---------+-------------------------------------------------------+
| g0        | n/a   | BUFG/O          | None       |          24 |               0 | 24 |      0 |    0 |   0 |  0 |    0 |   0 |       0 | i_xlnx_clk_gen/inst/clk_out1                          |
| g1        | n/a   | BUFG/O          | None       |           1 |               0 |  0 |      0 |    0 |   0 |  0 |    1 |   0 |       0 | i_ddr/u_xlnx_mig_7_ddr3_mig/u_ddr3_infrastructure/CLK |
| g7        | n/a   | BUFG/O          | None       |           1 |               0 |  0 |      0 |    0 |   0 |  0 |    1 |   0 |       0 | i_xlnx_clk_gen/inst/clkfbout_buf_xlnx_clk_gen         |
| g8        | n/a   | BUFG/O          | None       |           0 |              24 | 24 |      0 |    0 |   0 |  0 |    0 |   0 |       0 | i_rstgen_main/i_rstgen_bypass/ms_clock_q_reg[2]_BUFG  |
+-----------+-------+-----------------+------------+-------------+-----------------+----+--------+------+-----+----+------+-----+---------+-------------------------------------------------------+
* Clock Loads column represents the clock pin loads (pin count)
** Non-Clock Loads column represents the non-clock pin loads (pin count)
*** Columns FF, LUTRAM, RAMB through 'Hard IP' represents load cell counts


17. Clock Region Cell Placement per Global Clock: Region X0Y2
-------------------------------------------------------------

+-----------+-------+-----------------+------------+-------------+-----------------+----+--------+------+-----+----+------+-----+---------+------------------------------+
| Global Id | Track | Driver Type/Pin | Constraint | Clock Loads | Non-Clock Loads | FF | LUTRAM | RAMB | DSP | GT | MMCM | PLL | Hard IP | Net                          |
+-----------+-------+-----------------+------------+-------------+-----------------+----+--------+------+-----+----+------+-----+---------+------------------------------+
| g0        | n/a   | BUFG/O          | None       |          22 |               0 | 22 |      0 |    0 |   0 |  0 |    0 |   0 |       0 | i_xlnx_clk_gen/inst/clk_out1 |
+-----------+-------+-----------------+------------+-------------+-----------------+----+--------+------+-----+----+------+-----+---------+------------------------------+
* Clock Loads column represents the clock pin loads (pin count)
** Non-Clock Loads column represents the non-clock pin loads (pin count)
*** Columns FF, LUTRAM, RAMB through 'Hard IP' represents load cell counts


18. Clock Region Cell Placement per Global Clock: Region X1Y2
-------------------------------------------------------------

+-----------+-------+-----------------+------------+-------------+-----------------+----+--------+------+-----+----+------+-----+---------+------------------------------+
| Global Id | Track | Driver Type/Pin | Constraint | Clock Loads | Non-Clock Loads | FF | LUTRAM | RAMB | DSP | GT | MMCM | PLL | Hard IP | Net                          |
+-----------+-------+-----------------+------------+-------------+-----------------+----+--------+------+-----+----+------+-----+---------+------------------------------+
| g0        | n/a   | BUFG/O          | None       |          30 |               0 | 30 |      0 |    0 |   0 |  0 |    0 |   0 |       0 | i_xlnx_clk_gen/inst/clk_out1 |
+-----------+-------+-----------------+------------+-------------+-----------------+----+--------+------+-----+----+------+-----+---------+------------------------------+
* Clock Loads column represents the clock pin loads (pin count)
** Non-Clock Loads column represents the non-clock pin loads (pin count)
*** Columns FF, LUTRAM, RAMB through 'Hard IP' represents load cell counts


19. Clock Region Cell Placement per Global Clock: Region X0Y3
-------------------------------------------------------------

+-----------+-------+-----------------+------------+-------------+-----------------+------+--------+------+-----+----+------+-----+---------+------------------------------------------------------+
| Global Id | Track | Driver Type/Pin | Constraint | Clock Loads | Non-Clock Loads | FF   | LUTRAM | RAMB | DSP | GT | MMCM | PLL | Hard IP | Net                                                  |
+-----------+-------+-----------------+------------+-------------+-----------------+------+--------+------+-----+----+------+-----+---------+------------------------------------------------------+
| g0        | n/a   | BUFG/O          | None       |        4632 |               0 | 4619 |      1 |   11 |   0 |  0 |    0 |   0 |       0 | i_xlnx_clk_gen/inst/clk_out1                         |
| g8        | n/a   | BUFG/O          | None       |           0 |            3535 | 3535 |      0 |    0 |   0 |  0 |    0 |   0 |       0 | i_rstgen_main/i_rstgen_bypass/ms_clock_q_reg[2]_BUFG |
+-----------+-------+-----------------+------------+-------------+-----------------+------+--------+------+-----+----+------+-----+---------+------------------------------------------------------+
* Clock Loads column represents the clock pin loads (pin count)
** Non-Clock Loads column represents the non-clock pin loads (pin count)
*** Columns FF, LUTRAM, RAMB through 'Hard IP' represents load cell counts


20. Clock Region Cell Placement per Global Clock: Region X1Y3
-------------------------------------------------------------

+-----------+-------+-----------------+------------+-------------+-----------------+------+--------+------+-----+----+------+-----+---------+------------------------------------------------------+
| Global Id | Track | Driver Type/Pin | Constraint | Clock Loads | Non-Clock Loads | FF   | LUTRAM | RAMB | DSP | GT | MMCM | PLL | Hard IP | Net                                                  |
+-----------+-------+-----------------+------------+-------------+-----------------+------+--------+------+-----+----+------+-----+---------+------------------------------------------------------+
| g0        | n/a   | BUFG/O          | None       |        6134 |               0 | 6127 |      0 |    7 |   0 |  0 |    0 |   0 |       0 | i_xlnx_clk_gen/inst/clk_out1                         |
| g2        | n/a   | BUFG/O          | None       |          82 |               0 |   82 |      0 |    0 |   0 |  0 |    0 |   0 |       0 | tck_IBUF_BUFG                                        |
| g3        | n/a   | BUFG/O          | None       |          15 |               0 |   15 |      0 |    0 |   0 |  0 |    0 |   0 |       0 | i_ddr/u_xlnx_mig_7_ddr3_mig/u_iodelay_ctrl/CLK       |
| g8        | n/a   | BUFG/O          | None       |           0 |            4671 | 4671 |      0 |    0 |   0 |  0 |    0 |   0 |       0 | i_rstgen_main/i_rstgen_bypass/ms_clock_q_reg[2]_BUFG |
+-----------+-------+-----------------+------------+-------------+-----------------+------+--------+------+-----+----+------+-----+---------+------------------------------------------------------+
* Clock Loads column represents the clock pin loads (pin count)
** Non-Clock Loads column represents the non-clock pin loads (pin count)
*** Columns FF, LUTRAM, RAMB through 'Hard IP' represents load cell counts


21. Clock Region Cell Placement per Global Clock: Region X0Y4
-------------------------------------------------------------

+-----------+-------+-----------------+------------+-------------+-----------------+------+--------+------+-----+----+------+-----+---------+------------------------------------------------------+
| Global Id | Track | Driver Type/Pin | Constraint | Clock Loads | Non-Clock Loads | FF   | LUTRAM | RAMB | DSP | GT | MMCM | PLL | Hard IP | Net                                                  |
+-----------+-------+-----------------+------------+-------------+-----------------+------+--------+------+-----+----+------+-----+---------+------------------------------------------------------+
| g0        | n/a   | BUFG/O          | None       |        4885 |               0 | 4869 |      0 |   16 |   0 |  0 |    0 |   0 |       0 | i_xlnx_clk_gen/inst/clk_out1                         |
| g8        | n/a   | BUFG/O          | None       |           0 |            4869 | 4869 |      0 |    0 |   0 |  0 |    0 |   0 |       0 | i_rstgen_main/i_rstgen_bypass/ms_clock_q_reg[2]_BUFG |
+-----------+-------+-----------------+------------+-------------+-----------------+------+--------+------+-----+----+------+-----+---------+------------------------------------------------------+
* Clock Loads column represents the clock pin loads (pin count)
** Non-Clock Loads column represents the non-clock pin loads (pin count)
*** Columns FF, LUTRAM, RAMB through 'Hard IP' represents load cell counts


22. Clock Region Cell Placement per Global Clock: Region X1Y4
-------------------------------------------------------------

+-----------+-------+-----------------+------------+-------------+-----------------+------+--------+------+-----+----+------+-----+---------+--------------------------------------------------------------------------------------------------+
| Global Id | Track | Driver Type/Pin | Constraint | Clock Loads | Non-Clock Loads | FF   | LUTRAM | RAMB | DSP | GT | MMCM | PLL | Hard IP | Net                                                                                              |
+-----------+-------+-----------------+------------+-------------+-----------------+------+--------+------+-----+----+------+-----+---------+--------------------------------------------------------------------------------------------------+
| g0        | n/a   | BUFG/O          | None       |        3988 |               0 | 3983 |      0 |    5 |   0 |  0 |    0 |   0 |       0 | i_xlnx_clk_gen/inst/clk_out1                                                                     |
| g1        | n/a   | BUFG/O          | None       |        3634 |               0 | 3512 |     73 |    0 |   0 |  0 |    0 |   0 |       0 | i_ddr/u_xlnx_mig_7_ddr3_mig/u_ddr3_infrastructure/CLK                                            |
| g4        | n/a   | BUFG/O          | None       |           4 |               0 |    0 |      0 |    0 |   0 |  0 |    0 |   0 |       0 | i_ddr/u_xlnx_mig_7_ddr3_mig/u_ddr3_infrastructure/mmcm_ps_clk                                    |
| g5        | n/a   | BUFG/O          | None       |          16 |               0 |   15 |      0 |    0 |   0 |  0 |    0 |   0 |       0 | i_ddr/u_xlnx_mig_7_ddr3_mig/u_iodelay_ctrl/clk_ref_300_400_en.clk_ref_400.u_bufg_clk_ref_400_n_0 |
| g8        | n/a   | BUFG/O          | None       |           0 |            3583 | 3583 |      0 |    0 |   0 |  0 |    0 |   0 |       0 | i_rstgen_main/i_rstgen_bypass/ms_clock_q_reg[2]_BUFG                                             |
+-----------+-------+-----------------+------------+-------------+-----------------+------+--------+------+-----+----+------+-----+---------+--------------------------------------------------------------------------------------------------+
* Clock Loads column represents the clock pin loads (pin count)
** Non-Clock Loads column represents the non-clock pin loads (pin count)
*** Columns FF, LUTRAM, RAMB through 'Hard IP' represents load cell counts


23. Clock Region Cell Placement per Global Clock: Region X0Y5
-------------------------------------------------------------

+-----------+-------+-----------------+------------+-------------+-----------------+------+--------+------+-----+----+------+-----+---------+------------------------------------------------------+
| Global Id | Track | Driver Type/Pin | Constraint | Clock Loads | Non-Clock Loads | FF   | LUTRAM | RAMB | DSP | GT | MMCM | PLL | Hard IP | Net                                                  |
+-----------+-------+-----------------+------------+-------------+-----------------+------+--------+------+-----+----+------+-----+---------+------------------------------------------------------+
| g0        | n/a   | BUFG/O          | None       |        6011 |               0 | 6011 |      0 |    0 |   0 |  0 |    0 |   0 |       0 | i_xlnx_clk_gen/inst/clk_out1                         |
| g8        | n/a   | BUFG/O          | None       |           0 |            6011 | 6011 |      0 |    0 |   0 |  0 |    0 |   0 |       0 | i_rstgen_main/i_rstgen_bypass/ms_clock_q_reg[2]_BUFG |
+-----------+-------+-----------------+------------+-------------+-----------------+------+--------+------+-----+----+------+-----+---------+------------------------------------------------------+
* Clock Loads column represents the clock pin loads (pin count)
** Non-Clock Loads column represents the non-clock pin loads (pin count)
*** Columns FF, LUTRAM, RAMB through 'Hard IP' represents load cell counts


24. Clock Region Cell Placement per Global Clock: Region X1Y5
-------------------------------------------------------------

+-----------+-------+-----------------+------------+-------------+-----------------+------+--------+------+-----+----+------+-----+---------+--------------------------------------------------------------------------------------------------+
| Global Id | Track | Driver Type/Pin | Constraint | Clock Loads | Non-Clock Loads | FF   | LUTRAM | RAMB | DSP | GT | MMCM | PLL | Hard IP | Net                                                                                              |
+-----------+-------+-----------------+------------+-------------+-----------------+------+--------+------+-----+----+------+-----+---------+--------------------------------------------------------------------------------------------------+
| g0        | n/a   | BUFG/O          | None       |        4208 |               0 | 4208 |      0 |    0 |   0 |  0 |    0 |   0 |       0 | i_xlnx_clk_gen/inst/clk_out1                                                                     |
| g1        | n/a   | BUFG/O          | None       |        3428 |               0 | 3392 |     16 |    0 |   0 |  0 |    1 |   0 |       0 | i_ddr/u_xlnx_mig_7_ddr3_mig/u_ddr3_infrastructure/CLK                                            |
| g4        | n/a   | BUFG/O          | None       |           2 |               0 |    1 |      0 |    0 |   0 |  0 |    0 |   0 |       0 | i_ddr/u_xlnx_mig_7_ddr3_mig/u_ddr3_infrastructure/mmcm_ps_clk                                    |
| g5        | n/a   | BUFG/O          | None       |           1 |               0 |    0 |      0 |    0 |   0 |  0 |    0 |   0 |       0 | i_ddr/u_xlnx_mig_7_ddr3_mig/u_iodelay_ctrl/clk_ref_300_400_en.clk_ref_400.u_bufg_clk_ref_400_n_0 |
| g6        | n/a   | BUFH/O          | None       |           1 |               0 |    0 |      0 |    0 |   0 |  0 |    1 |   0 |       0 | i_ddr/u_xlnx_mig_7_ddr3_mig/u_ddr3_infrastructure/pll_clk3                                       |
| g8        | n/a   | BUFG/O          | None       |           0 |            4208 | 4208 |      0 |    0 |   0 |  0 |    0 |   0 |       0 | i_rstgen_main/i_rstgen_bypass/ms_clock_q_reg[2]_BUFG                                             |
+-----------+-------+-----------------+------------+-------------+-----------------+------+--------+------+-----+----+------+-----+---------+--------------------------------------------------------------------------------------------------+
* Clock Loads column represents the clock pin loads (pin count)
** Non-Clock Loads column represents the non-clock pin loads (pin count)
*** Columns FF, LUTRAM, RAMB through 'Hard IP' represents load cell counts


25. Clock Region Cell Placement per Global Clock: Region X0Y6
-------------------------------------------------------------

+-----------+-------+-----------------+------------+-------------+-----------------+------+--------+------+-----+----+------+-----+---------+------------------------------------------------------+
| Global Id | Track | Driver Type/Pin | Constraint | Clock Loads | Non-Clock Loads | FF   | LUTRAM | RAMB | DSP | GT | MMCM | PLL | Hard IP | Net                                                  |
+-----------+-------+-----------------+------------+-------------+-----------------+------+--------+------+-----+----+------+-----+---------+------------------------------------------------------+
| g0        | n/a   | BUFG/O          | None       |        3098 |               0 | 3094 |      0 |    0 |   4 |  0 |    0 |   0 |       0 | i_xlnx_clk_gen/inst/clk_out1                         |
| g8        | n/a   | BUFG/O          | None       |           0 |            3094 | 3094 |      0 |    0 |   0 |  0 |    0 |   0 |       0 | i_rstgen_main/i_rstgen_bypass/ms_clock_q_reg[2]_BUFG |
+-----------+-------+-----------------+------------+-------------+-----------------+------+--------+------+-----+----+------+-----+---------+------------------------------------------------------+
* Clock Loads column represents the clock pin loads (pin count)
** Non-Clock Loads column represents the non-clock pin loads (pin count)
*** Columns FF, LUTRAM, RAMB through 'Hard IP' represents load cell counts


26. Clock Region Cell Placement per Global Clock: Region X1Y6
-------------------------------------------------------------

+-----------+-------+-----------------+------------+-------------+-----------------+------+--------+------+-----+----+------+-----+---------+--------------------------------------------------------------------------------------------------+
| Global Id | Track | Driver Type/Pin | Constraint | Clock Loads | Non-Clock Loads | FF   | LUTRAM | RAMB | DSP | GT | MMCM | PLL | Hard IP | Net                                                                                              |
+-----------+-------+-----------------+------------+-------------+-----------------+------+--------+------+-----+----+------+-----+---------+--------------------------------------------------------------------------------------------------+
| g0        | n/a   | BUFG/O          | None       |        3437 |               0 | 3437 |      0 |    0 |   0 |  0 |    0 |   0 |       0 | i_xlnx_clk_gen/inst/clk_out1                                                                     |
| g1        | n/a   | BUFG/O          | None       |         835 |               0 |  794 |      4 |    0 |   0 |  0 |    0 |   0 |       0 | i_ddr/u_xlnx_mig_7_ddr3_mig/u_ddr3_infrastructure/CLK                                            |
| g3        | n/a   | BUFG/O          | None       |          46 |               0 |   45 |      0 |    0 |   0 |  0 |    0 |   0 |       0 | i_ddr/u_xlnx_mig_7_ddr3_mig/u_iodelay_ctrl/CLK                                                   |
| g4        | n/a   | BUFG/O          | None       |          16 |               0 |   13 |      0 |    0 |   0 |  0 |    0 |   0 |       0 | i_ddr/u_xlnx_mig_7_ddr3_mig/u_ddr3_infrastructure/mmcm_ps_clk                                    |
| g5        | n/a   | BUFG/O          | None       |           1 |               0 |    0 |      0 |    0 |   0 |  0 |    0 |   0 |       0 | i_ddr/u_xlnx_mig_7_ddr3_mig/u_iodelay_ctrl/clk_ref_300_400_en.clk_ref_400.u_bufg_clk_ref_400_n_0 |
| g8        | n/a   | BUFG/O          | None       |           0 |            3437 | 3437 |      0 |    0 |   0 |  0 |    0 |   0 |       0 | i_rstgen_main/i_rstgen_bypass/ms_clock_q_reg[2]_BUFG                                             |
+-----------+-------+-----------------+------------+-------------+-----------------+------+--------+------+-----+----+------+-----+---------+--------------------------------------------------------------------------------------------------+
* Clock Loads column represents the clock pin loads (pin count)
** Non-Clock Loads column represents the non-clock pin loads (pin count)
*** Columns FF, LUTRAM, RAMB through 'Hard IP' represents load cell counts



# Location of BUFG Primitives 
set_property LOC BUFGCTRL_X0Y3 [get_cells tck_IBUF_BUFG_inst]
set_property LOC BUFGCTRL_X0Y4 [get_cells i_xlnx_clk_gen/inst/clkf_buf]
set_property LOC BUFGCTRL_X0Y0 [get_cells i_xlnx_clk_gen/inst/clkout1_buf]
set_property LOC BUFGCTRL_X0Y2 [get_cells i_rstgen_main/i_rstgen_bypass/ms_clock_q_reg[2]_BUFG_inst]
set_property LOC BUFGCTRL_X0Y1 [get_cells i_ddr/u_xlnx_mig_7_ddr3_mig/u_iodelay_ctrl/clk_ref_300_400_en.clk_ref_400.u_bufg_clk_ref_400]
set_property LOC BUFGCTRL_X0Y18 [get_cells i_ddr/u_xlnx_mig_7_ddr3_mig/u_iodelay_ctrl/clk_ref_200.u_bufg_clk_ref]
set_property LOC BUFGCTRL_X0Y17 [get_cells i_ddr/u_xlnx_mig_7_ddr3_mig/u_ddr3_infrastructure/gen_ui_extra_clocks.u_bufg_mmcm_ps_clk]
set_property LOC BUFGCTRL_X0Y16 [get_cells i_ddr/u_xlnx_mig_7_ddr3_mig/u_ddr3_infrastructure/u_bufg_clkdiv0]

# Location of BUFH Primitives 
set_property LOC BUFHCE_X1Y60 [get_cells i_ddr/u_xlnx_mig_7_ddr3_mig/u_ddr3_infrastructure/u_bufh_pll_clk3]

# Location of IO Primitives which is load of clock spine

# Location of clock ports
set_property LOC IOB_X1Y273 [get_ports sys_clk_n]
set_property LOC IOB_X1Y274 [get_ports sys_clk_p]
set_property LOC IOB_X0Y98 [get_ports tck]

# Clock net "tck_IBUF_BUFG" driven by instance "tck_IBUF_BUFG_inst" located at site "BUFGCTRL_X0Y3"
#startgroup
create_pblock {CLKAG_tck_IBUF_BUFG}
add_cells_to_pblock [get_pblocks  {CLKAG_tck_IBUF_BUFG}] [get_cells -filter { PRIMITIVE_GROUP != I/O && IS_PRIMITIVE==1 && PRIMITIVE_LEVEL !=INTERNAL } -of_object [get_pins -filter {DIRECTION==IN} -of_objects [get_nets -hierarchical -filter {PARENT=="tck_IBUF_BUFG"}]]]
resize_pblock [get_pblocks {CLKAG_tck_IBUF_BUFG}] -add {CLOCKREGION_X1Y3:CLOCKREGION_X1Y3}
#endgroup

# Clock net "i_xlnx_clk_gen/inst/clk_out1" driven by instance "i_xlnx_clk_gen/inst/clkout1_buf" located at site "BUFGCTRL_X0Y0"
#startgroup
create_pblock {CLKAG_i_xlnx_clk_gen/inst/clk_out1}
add_cells_to_pblock [get_pblocks  {CLKAG_i_xlnx_clk_gen/inst/clk_out1}] [get_cells -filter { PRIMITIVE_GROUP != I/O && IS_PRIMITIVE==1 && PRIMITIVE_LEVEL !=INTERNAL } -of_object [get_pins -filter {DIRECTION==IN} -of_objects [get_nets -hierarchical -filter {PARENT=="i_xlnx_clk_gen/inst/clk_out1"}]]]
resize_pblock [get_pblocks {CLKAG_i_xlnx_clk_gen/inst/clk_out1}] -add {CLOCKREGION_X0Y0:CLOCKREGION_X0Y0 CLOCKREGION_X0Y2:CLOCKREGION_X0Y2 CLOCKREGION_X0Y3:CLOCKREGION_X0Y3 CLOCKREGION_X0Y4:CLOCKREGION_X0Y4 CLOCKREGION_X0Y5:CLOCKREGION_X0Y5 CLOCKREGION_X0Y6:CLOCKREGION_X0Y6 CLOCKREGION_X1Y2:CLOCKREGION_X1Y2 CLOCKREGION_X1Y3:CLOCKREGION_X1Y3 CLOCKREGION_X1Y4:CLOCKREGION_X1Y4 CLOCKREGION_X1Y5:CLOCKREGION_X1Y5 CLOCKREGION_X1Y6:CLOCKREGION_X1Y6}
#endgroup

# Clock net "i_rstgen_main/i_rstgen_bypass/ms_clock_q_reg[2]_BUFG" driven by instance "i_rstgen_main/i_rstgen_bypass/ms_clock_q_reg[2]_BUFG_inst" located at site "BUFGCTRL_X0Y2"
#startgroup
create_pblock {CLKAG_i_rstgen_main/i_rstgen_bypass/ms_clock_q_reg[2]_BUFG}
add_cells_to_pblock [get_pblocks  {CLKAG_i_rstgen_main/i_rstgen_bypass/ms_clock_q_reg[2]_BUFG}] [get_cells -filter { PRIMITIVE_GROUP != I/O && IS_PRIMITIVE==1 && PRIMITIVE_LEVEL !=INTERNAL } -of_object [get_pins -filter {DIRECTION==IN} -of_objects [get_nets -hierarchical -filter {PARENT=="i_rstgen_main/i_rstgen_bypass/ms_clock_q_reg[2]_BUFG"}]]]
resize_pblock [get_pblocks {CLKAG_i_rstgen_main/i_rstgen_bypass/ms_clock_q_reg[2]_BUFG}] -add {CLOCKREGION_X0Y0:CLOCKREGION_X0Y0 CLOCKREGION_X0Y3:CLOCKREGION_X0Y3 CLOCKREGION_X0Y4:CLOCKREGION_X0Y4 CLOCKREGION_X0Y5:CLOCKREGION_X0Y5 CLOCKREGION_X0Y6:CLOCKREGION_X0Y6 CLOCKREGION_X1Y3:CLOCKREGION_X1Y3 CLOCKREGION_X1Y4:CLOCKREGION_X1Y4 CLOCKREGION_X1Y5:CLOCKREGION_X1Y5 CLOCKREGION_X1Y6:CLOCKREGION_X1Y6}
#endgroup

# Clock net "i_ddr/u_xlnx_mig_7_ddr3_mig/u_iodelay_ctrl/clk_ref_300_400_en.clk_ref_400.u_bufg_clk_ref_400_n_0" driven by instance "i_ddr/u_xlnx_mig_7_ddr3_mig/u_iodelay_ctrl/clk_ref_300_400_en.clk_ref_400.u_bufg_clk_ref_400" located at site "BUFGCTRL_X0Y1"
#startgroup
create_pblock {CLKAG_i_ddr/u_xlnx_mig_7_ddr3_mig/u_iodelay_ctrl/clk_ref_300_400_en.clk_ref_400.u_bufg_clk_ref_400_n_0}
add_cells_to_pblock [get_pblocks  {CLKAG_i_ddr/u_xlnx_mig_7_ddr3_mig/u_iodelay_ctrl/clk_ref_300_400_en.clk_ref_400.u_bufg_clk_ref_400_n_0}] [get_cells -filter { PRIMITIVE_GROUP != I/O && IS_PRIMITIVE==1 && PRIMITIVE_LEVEL !=INTERNAL } -of_object [get_pins -filter {DIRECTION==IN} -of_objects [get_nets -hierarchical -filter {PARENT=="i_ddr/u_xlnx_mig_7_ddr3_mig/u_iodelay_ctrl/clk_ref_300_400_en.clk_ref_400.u_bufg_clk_ref_400_n_0"}]]]
resize_pblock [get_pblocks {CLKAG_i_ddr/u_xlnx_mig_7_ddr3_mig/u_iodelay_ctrl/clk_ref_300_400_en.clk_ref_400.u_bufg_clk_ref_400_n_0}] -add {CLOCKREGION_X1Y4:CLOCKREGION_X1Y4 CLOCKREGION_X1Y5:CLOCKREGION_X1Y5 CLOCKREGION_X1Y6:CLOCKREGION_X1Y6}
#endgroup

# Clock net "i_ddr/u_xlnx_mig_7_ddr3_mig/u_iodelay_ctrl/CLK" driven by instance "i_ddr/u_xlnx_mig_7_ddr3_mig/u_iodelay_ctrl/clk_ref_200.u_bufg_clk_ref" located at site "BUFGCTRL_X0Y18"
#startgroup
create_pblock {CLKAG_i_ddr/u_xlnx_mig_7_ddr3_mig/u_iodelay_ctrl/CLK}
add_cells_to_pblock [get_pblocks  {CLKAG_i_ddr/u_xlnx_mig_7_ddr3_mig/u_iodelay_ctrl/CLK}] [get_cells -filter { PRIMITIVE_GROUP != I/O && IS_PRIMITIVE==1 && PRIMITIVE_LEVEL !=INTERNAL } -of_object [get_pins -filter {DIRECTION==IN} -of_objects [get_nets -hierarchical -filter {PARENT=="i_ddr/u_xlnx_mig_7_ddr3_mig/u_iodelay_ctrl/CLK"}]]]
resize_pblock [get_pblocks {CLKAG_i_ddr/u_xlnx_mig_7_ddr3_mig/u_iodelay_ctrl/CLK}] -add {CLOCKREGION_X1Y3:CLOCKREGION_X1Y3 CLOCKREGION_X1Y6:CLOCKREGION_X1Y6}
#endgroup

# Clock net "i_ddr/u_xlnx_mig_7_ddr3_mig/u_ddr3_infrastructure/mmcm_ps_clk" driven by instance "i_ddr/u_xlnx_mig_7_ddr3_mig/u_ddr3_infrastructure/gen_ui_extra_clocks.u_bufg_mmcm_ps_clk" located at site "BUFGCTRL_X0Y17"
#startgroup
create_pblock {CLKAG_i_ddr/u_xlnx_mig_7_ddr3_mig/u_ddr3_infrastructure/mmcm_ps_clk}
add_cells_to_pblock [get_pblocks  {CLKAG_i_ddr/u_xlnx_mig_7_ddr3_mig/u_ddr3_infrastructure/mmcm_ps_clk}] [get_cells -filter { PRIMITIVE_GROUP != I/O && IS_PRIMITIVE==1 && PRIMITIVE_LEVEL !=INTERNAL } -of_object [get_pins -filter {DIRECTION==IN} -of_objects [get_nets -hierarchical -filter {PARENT=="i_ddr/u_xlnx_mig_7_ddr3_mig/u_ddr3_infrastructure/mmcm_ps_clk"}]]]
resize_pblock [get_pblocks {CLKAG_i_ddr/u_xlnx_mig_7_ddr3_mig/u_ddr3_infrastructure/mmcm_ps_clk}] -add {CLOCKREGION_X1Y4:CLOCKREGION_X1Y4 CLOCKREGION_X1Y5:CLOCKREGION_X1Y5 CLOCKREGION_X1Y6:CLOCKREGION_X1Y6}
#endgroup

# Clock net "i_ddr/u_xlnx_mig_7_ddr3_mig/u_ddr3_infrastructure/CLK" driven by instance "i_ddr/u_xlnx_mig_7_ddr3_mig/u_ddr3_infrastructure/u_bufg_clkdiv0" located at site "BUFGCTRL_X0Y16"
#startgroup
create_pblock {CLKAG_i_ddr/u_xlnx_mig_7_ddr3_mig/u_ddr3_infrastructure/CLK}
add_cells_to_pblock [get_pblocks  {CLKAG_i_ddr/u_xlnx_mig_7_ddr3_mig/u_ddr3_infrastructure/CLK}] [get_cells -filter { PRIMITIVE_GROUP != I/O && IS_PRIMITIVE==1 && PRIMITIVE_LEVEL !=INTERNAL && NAME!=i_xlnx_clk_gen/inst/mmcm_adv_inst && NAME!=i_ddr/u_xlnx_mig_7_ddr3_mig/u_ddr3_infrastructure/gen_ui_extra_clocks.mmcm_i} -of_object [get_pins -filter {DIRECTION==IN} -of_objects [get_nets -hierarchical -filter {PARENT=="i_ddr/u_xlnx_mig_7_ddr3_mig/u_ddr3_infrastructure/CLK"}]]]
resize_pblock [get_pblocks {CLKAG_i_ddr/u_xlnx_mig_7_ddr3_mig/u_ddr3_infrastructure/CLK}] -add {CLOCKREGION_X1Y4:CLOCKREGION_X1Y4 CLOCKREGION_X1Y5:CLOCKREGION_X1Y5 CLOCKREGION_X1Y6:CLOCKREGION_X1Y6}
#endgroup
